<?xml version="1.0" encoding="UTF-8"?>
<!-- Generated by org.testng.reporters.JUnitXMLReporter -->
<testsuite hostname="PK-PC" name="Test" tests="3" failures="0" timestamp="2 Nov 2018 23:49:50 GMT" time="0.062" errors="0">
  <testcase name="@BeforeMethod getWebDriver" time="0.0" classname="com.pts.test.suite.SearchProductInAmazonHome">
    <failure type="java.lang.NoSuchMethodError" message="org.openqa.selenium.chrome.ChromeOptions.setCapability(Ljava/lang/String;Z)V">
      <![CDATA[java.lang.NoSuchMethodError: org.openqa.selenium.chrome.ChromeOptions.setCapability(Ljava/lang/String;Z)V
	at com.pts.test.util.WebDriverSelector.getLocalWebDriver(WebDriverSelector.java:101)
	at com.pts.test.util.BaseClass.getWebDriver(BaseClass.java:117)
... Removed 26 stack frames]]>
    </failure>
  </testcase> <!-- @BeforeMethod getWebDriver -->
  <testcase name="@AfterMethod postCondition" time="0.0" classname="com.pts.test.suite.SearchProductInAmazonHome">
    <skipped/>
  </testcase> <!-- @AfterMethod postCondition -->
  <testcase name="@AfterClass tearDown" time="0.0" classname="com.pts.test.suite.SearchProductInAmazonHome">
    <skipped/>
  </testcase> <!-- @AfterClass tearDown -->
  <testcase name="@BeforeClass setup" time="0.0" classname="com.pts.test.suite.VerifyCartPage">
    <skipped/>
  </testcase> <!-- @BeforeClass setup -->
  <testcase name="@BeforeMethod getWebDriver" time="0.0" classname="com.pts.test.suite.VerifyCartPage">
    <skipped/>
  </testcase> <!-- @BeforeMethod getWebDriver -->
  <testcase name="@AfterMethod postCondition" time="0.0" classname="com.pts.test.suite.VerifyCartPage">
    <skipped/>
  </testcase> <!-- @AfterMethod postCondition -->
  <testcase name="@AfterClass tearDown" time="0.0" classname="com.pts.test.suite.VerifyCartPage">
    <skipped/>
  </testcase> <!-- @AfterClass tearDown -->
  <testcase name="@BeforeClass setup" time="0.0" classname="com.pts.test.suite.VerifyAmazonPrimePage">
    <skipped/>
  </testcase> <!-- @BeforeClass setup -->
  <testcase name="@BeforeMethod getWebDriver" time="0.0" classname="com.pts.test.suite.VerifyAmazonPrimePage">
    <skipped/>
  </testcase> <!-- @BeforeMethod getWebDriver -->
  <testcase name="@AfterMethod postCondition" time="0.0" classname="com.pts.test.suite.VerifyAmazonPrimePage">
    <skipped/>
  </testcase> <!-- @AfterMethod postCondition -->
  <testcase name="@AfterClass tearDown" time="0.0" classname="com.pts.test.suite.VerifyAmazonPrimePage">
    <skipped/>
  </testcase> <!-- @AfterClass tearDown -->
  <testcase name="searchProduct" time="0.001" classname="com.pts.test.suite.SearchProductInAmazonHome">
    <skipped/>
  </testcase> <!-- searchProduct -->
  <testcase name="searchProduct" time="0.001" classname="com.pts.test.suite.VerifyCartPage">
    <skipped/>
  </testcase> <!-- searchProduct -->
  <testcase name="verifyAmazonPrime" time="0.001" classname="com.pts.test.suite.VerifyAmazonPrimePage">
    <skipped/>
  </testcase> <!-- verifyAmazonPrime -->
</testsuite> <!-- Test -->
