<?xml version="1.0" encoding="UTF-8"?>
<testng-results skipped="3" failed="0" total="3" passed="0">
  <reporter-output>
  </reporter-output>
  <suite name="Suite" duration-ms="62" started-at="2018-11-02T23:49:50Z" finished-at="2018-11-02T23:49:50Z">
    <groups>
    </groups>
    <test name="Test" duration-ms="62" started-at="2018-11-02T23:49:50Z" finished-at="2018-11-02T23:49:50Z">
      <class name="com.pts.test.suite.VerifyAmazonPrimePage">
        <test-method status="SKIP" signature="setup()[pri:0, instance:com.pts.test.suite.VerifyAmazonPrimePage@17579e0f]" name="setup" is-config="true" duration-ms="0" started-at="2018-11-03T05:19:50Z" finished-at="2018-11-03T05:19:50Z">
          <reporter-output>
          </reporter-output>
        </test-method> <!-- setup -->
        <test-method status="SKIP" signature="getWebDriver()[pri:0, instance:com.pts.test.suite.VerifyAmazonPrimePage@17579e0f]" name="getWebDriver" is-config="true" duration-ms="0" started-at="2018-11-03T05:19:50Z" finished-at="2018-11-03T05:19:50Z">
          <reporter-output>
          </reporter-output>
        </test-method> <!-- getWebDriver -->
        <test-method status="SKIP" signature="verifyAmazonPrime()[pri:0, instance:com.pts.test.suite.VerifyAmazonPrimePage@17579e0f]" name="verifyAmazonPrime" duration-ms="1" started-at="2018-11-03T05:19:50Z" finished-at="2018-11-03T05:19:50Z">
          <reporter-output>
          </reporter-output>
        </test-method> <!-- verifyAmazonPrime -->
        <test-method status="SKIP" signature="tearDown()[pri:0, instance:com.pts.test.suite.VerifyAmazonPrimePage@17579e0f]" name="tearDown" is-config="true" duration-ms="0" started-at="2018-11-03T05:19:50Z" finished-at="2018-11-03T05:19:50Z">
          <reporter-output>
          </reporter-output>
        </test-method> <!-- tearDown -->
        <test-method status="SKIP" signature="postCondition(org.testng.ITestResult)[pri:0, instance:com.pts.test.suite.VerifyAmazonPrimePage@17579e0f]" name="postCondition" is-config="true" duration-ms="0" started-at="2018-11-03T05:19:50Z" finished-at="2018-11-03T05:19:50Z">
          <reporter-output>
          </reporter-output>
        </test-method> <!-- postCondition -->
      </class> <!-- com.pts.test.suite.VerifyAmazonPrimePage -->
      <class name="com.pts.test.suite.VerifyCartPage">
        <test-method status="SKIP" signature="setup()[pri:0, instance:com.pts.test.suite.VerifyCartPage@4b1c1ea0]" name="setup" is-config="true" duration-ms="0" started-at="2018-11-03T05:19:50Z" finished-at="2018-11-03T05:19:50Z">
          <reporter-output>
          </reporter-output>
        </test-method> <!-- setup -->
        <test-method status="SKIP" signature="getWebDriver()[pri:0, instance:com.pts.test.suite.VerifyCartPage@4b1c1ea0]" name="getWebDriver" is-config="true" duration-ms="0" started-at="2018-11-03T05:19:50Z" finished-at="2018-11-03T05:19:50Z">
          <reporter-output>
          </reporter-output>
        </test-method> <!-- getWebDriver -->
        <test-method status="SKIP" signature="searchProduct()[pri:0, instance:com.pts.test.suite.VerifyCartPage@4b1c1ea0]" name="searchProduct" duration-ms="1" started-at="2018-11-03T05:19:50Z" finished-at="2018-11-03T05:19:50Z">
          <reporter-output>
          </reporter-output>
        </test-method> <!-- searchProduct -->
        <test-method status="SKIP" signature="postCondition(org.testng.ITestResult)[pri:0, instance:com.pts.test.suite.VerifyCartPage@4b1c1ea0]" name="postCondition" is-config="true" duration-ms="0" started-at="2018-11-03T05:19:50Z" finished-at="2018-11-03T05:19:50Z">
          <reporter-output>
          </reporter-output>
        </test-method> <!-- postCondition -->
        <test-method status="SKIP" signature="tearDown()[pri:0, instance:com.pts.test.suite.VerifyCartPage@4b1c1ea0]" name="tearDown" is-config="true" duration-ms="0" started-at="2018-11-03T05:19:50Z" finished-at="2018-11-03T05:19:50Z">
          <reporter-output>
          </reporter-output>
        </test-method> <!-- tearDown -->
      </class> <!-- com.pts.test.suite.VerifyCartPage -->
      <class name="com.pts.test.suite.SearchProductInAmazonHome">
        <test-method status="PASS" signature="preSuit()[pri:0, instance:com.pts.test.suite.SearchProductInAmazonHome@6acdbdf5]" name="preSuit" is-config="true" duration-ms="152" started-at="2018-11-03T05:19:49Z" finished-at="2018-11-03T05:19:50Z">
          <reporter-output>
          </reporter-output>
        </test-method> <!-- preSuit -->
        <test-method status="PASS" signature="loadLog4j()[pri:0, instance:com.pts.test.suite.SearchProductInAmazonHome@6acdbdf5]" name="loadLog4j" is-config="true" duration-ms="21" started-at="2018-11-03T05:19:50Z" finished-at="2018-11-03T05:19:50Z">
          <reporter-output>
          </reporter-output>
        </test-method> <!-- loadLog4j -->
        <test-method status="PASS" signature="setup()[pri:0, instance:com.pts.test.suite.SearchProductInAmazonHome@6acdbdf5]" name="setup" is-config="true" duration-ms="6" started-at="2018-11-03T05:19:50Z" finished-at="2018-11-03T05:19:50Z">
          <reporter-output>
          </reporter-output>
        </test-method> <!-- setup -->
        <test-method status="FAIL" signature="getWebDriver()[pri:0, instance:com.pts.test.suite.SearchProductInAmazonHome@6acdbdf5]" name="getWebDriver" is-config="true" duration-ms="0" started-at="2018-11-03T05:19:50Z" finished-at="2018-11-03T05:19:50Z">
          <exception class="java.lang.NoSuchMethodError">
            <message>
              <![CDATA[org.openqa.selenium.chrome.ChromeOptions.setCapability(Ljava/lang/String;Z)V]]>
            </message>
            <full-stacktrace>
              <![CDATA[java.lang.NoSuchMethodError: org.openqa.selenium.chrome.ChromeOptions.setCapability(Ljava/lang/String;Z)V
	at com.pts.test.util.WebDriverSelector.getLocalWebDriver(WebDriverSelector.java:101)
	at com.pts.test.util.BaseClass.getWebDriver(BaseClass.java:117)
	at sun.reflect.NativeMethodAccessorImpl.invoke0(Native Method)
	at sun.reflect.NativeMethodAccessorImpl.invoke(Unknown Source)
	at sun.reflect.DelegatingMethodAccessorImpl.invoke(Unknown Source)
	at java.lang.reflect.Method.invoke(Unknown Source)
	at org.testng.internal.MethodInvocationHelper.invokeMethod(MethodInvocationHelper.java:85)
	at org.testng.internal.Invoker.invokeConfigurationMethod(Invoker.java:510)
	at org.testng.internal.Invoker.invokeConfigurations(Invoker.java:211)
	at org.testng.internal.Invoker.invokeMethod(Invoker.java:585)
	at org.testng.internal.Invoker.invokeTestMethod(Invoker.java:816)
	at org.testng.internal.Invoker.invokeTestMethods(Invoker.java:1124)
	at org.testng.internal.TestMethodWorker.invokeTestMethods(TestMethodWorker.java:125)
	at org.testng.internal.TestMethodWorker.run(TestMethodWorker.java:108)
	at org.testng.TestRunner.privateRun(TestRunner.java:774)
	at org.testng.TestRunner.run(TestRunner.java:624)
	at org.testng.SuiteRunner.runTest(SuiteRunner.java:359)
	at org.testng.SuiteRunner.runSequentially(SuiteRunner.java:354)
	at org.testng.SuiteRunner.privateRun(SuiteRunner.java:312)
	at org.testng.SuiteRunner.run(SuiteRunner.java:261)
	at org.testng.SuiteRunnerWorker.runSuite(SuiteRunnerWorker.java:52)
	at org.testng.SuiteRunnerWorker.run(SuiteRunnerWorker.java:86)
	at org.testng.TestNG.runSuitesSequentially(TestNG.java:1215)
	at org.testng.TestNG.runSuitesLocally(TestNG.java:1140)
	at org.testng.TestNG.run(TestNG.java:1048)
	at org.testng.remote.AbstractRemoteTestNG.run(AbstractRemoteTestNG.java:114)
	at org.testng.remote.RemoteTestNG.initAndRun(RemoteTestNG.java:251)
	at org.testng.remote.RemoteTestNG.main(RemoteTestNG.java:77)
]]>
            </full-stacktrace>
          </exception> <!-- java.lang.NoSuchMethodError -->
          <reporter-output>
          </reporter-output>
        </test-method> <!-- getWebDriver -->
        <test-method status="SKIP" signature="searchProduct()[pri:0, instance:com.pts.test.suite.SearchProductInAmazonHome@6acdbdf5]" name="searchProduct" duration-ms="1" started-at="2018-11-03T05:19:50Z" finished-at="2018-11-03T05:19:50Z">
          <reporter-output>
          </reporter-output>
        </test-method> <!-- searchProduct -->
        <test-method status="SKIP" signature="postCondition(org.testng.ITestResult)[pri:0, instance:com.pts.test.suite.SearchProductInAmazonHome@6acdbdf5]" name="postCondition" is-config="true" duration-ms="0" started-at="2018-11-03T05:19:50Z" finished-at="2018-11-03T05:19:50Z">
          <reporter-output>
          </reporter-output>
        </test-method> <!-- postCondition -->
        <test-method status="SKIP" signature="tearDown()[pri:0, instance:com.pts.test.suite.SearchProductInAmazonHome@6acdbdf5]" name="tearDown" is-config="true" duration-ms="0" started-at="2018-11-03T05:19:50Z" finished-at="2018-11-03T05:19:50Z">
          <reporter-output>
          </reporter-output>
        </test-method> <!-- tearDown -->
        <test-method status="SKIP" signature="postSuit()[pri:0, instance:com.pts.test.suite.SearchProductInAmazonHome@6acdbdf5]" name="postSuit" is-config="true" duration-ms="0" started-at="2018-11-03T05:19:50Z" finished-at="2018-11-03T05:19:50Z">
          <reporter-output>
          </reporter-output>
        </test-method> <!-- postSuit -->
      </class> <!-- com.pts.test.suite.SearchProductInAmazonHome -->
    </test> <!-- Test -->
  </suite> <!-- Suite -->
</testng-results>
